\BOOKMARK [0][]{declaration.0}{Declaration}{}% 1
\BOOKMARK [1][-]{Abstract.1}{Abstract}{declaration.0}% 2
\BOOKMARK [1][-]{tableofcontents.1}{Contents}{declaration.0}% 3
\BOOKMARK [1][-]{lof.1}{List of Figures}{declaration.0}% 4
\BOOKMARK [1][-]{lot.1}{List of Tables}{declaration.0}% 5
\BOOKMARK [1][-]{lol.1}{Listings}{declaration.0}% 6
\BOOKMARK [1][-]{acronyms.1}{Acronyms}{declaration.0}% 7
\BOOKMARK [0][]{chapter.1}{1 Summary of achievements to date}{}% 8
\BOOKMARK [-1][]{part.1}{Project Description}{}% 9
\BOOKMARK [0][]{chapter.2}{2 Introduction and background to the project}{part.1}% 10
\BOOKMARK [0][]{chapter.3}{3 Description of the project}{part.1}% 11
\BOOKMARK [-1][]{part.2}{Going Forward}{}% 12
\BOOKMARK [0][]{chapter.4}{4 Plan for Teaching Period 2}{part.2}% 13
\BOOKMARK [0][]{chapter.5}{5 Discussion of ethical issues}{part.2}% 14
\BOOKMARK [-1][]{part.3}{Appendix}{}% 15
\BOOKMARK [0][]{appendix.A}{A Logbook}{part.3}% 16
\BOOKMARK [1][-]{section.A.1}{A.1 Week 1}{appendix.A}% 17
\BOOKMARK [1][-]{section.A.2}{A.2 Week 2}{appendix.A}% 18
\BOOKMARK [1][-]{section.A.3}{A.3 Week 3}{appendix.A}% 19
\BOOKMARK [1][-]{section.A.4}{A.4 Week 4}{appendix.A}% 20
\BOOKMARK [1][-]{section.A.5}{A.5 Week 5}{appendix.A}% 21
\BOOKMARK [1][-]{section.A.6}{A.6 Week 6}{appendix.A}% 22
\BOOKMARK [1][-]{section.A.7}{A.7 Week 7}{appendix.A}% 23
\BOOKMARK [1][-]{section.A.8}{A.8 Week 8}{appendix.A}% 24
\BOOKMARK [0][]{appendix.B}{B Example source code listing}{part.3}% 25
\BOOKMARK [0][]{appendix.C}{C Bibliography}{part.3}% 26
